<?xml version="1.0" encoding="UTF-8"?>
<testsuite name="com.jhooq.Jhooqk8s.JhooqK8sApplicationTests" tests="1" skipped="0" failures="0" errors="0" timestamp="2023-04-19T10:35:08" hostname="IN-5CG0255ZFS" time="0.557">
  <properties/>
  <testcase name="contextLoads()" classname="com.jhooq.Jhooqk8s.JhooqK8sApplicationTests" time="0.557"/>
  <system-out><![CDATA[16:05:02.839 [Test worker] DEBUG org.springframework.test.context.BootstrapUtils - Instantiating CacheAwareContextLoaderDelegate from class [org.springframework.test.context.cache.DefaultCacheAwareContextLoaderDelegate]
16:05:02.883 [Test worker] DEBUG org.springframework.test.context.BootstrapUtils - Instantiating BootstrapContext using constructor [public org.springframework.test.context.support.DefaultBootstrapContext(java.lang.Class,org.springframework.test.context.CacheAwareContextLoaderDelegate)]
16:05:02.967 [Test worker] DEBUG org.springframework.test.context.BootstrapUtils - Instantiating TestContextBootstrapper for test class [com.jhooq.Jhooqk8s.JhooqK8sApplicationTests] from class [org.springframework.boot.test.context.SpringBootTestContextBootstrapper]
16:05:03.040 [Test worker] INFO org.springframework.boot.test.context.SpringBootTestContextBootstrapper - Neither @ContextConfiguration nor @ContextHierarchy found for test class [com.jhooq.Jhooqk8s.JhooqK8sApplicationTests], using SpringBootContextLoader
16:05:03.048 [Test worker] DEBUG org.springframework.test.context.support.AbstractContextLoader - Did not detect default resource location for test class [com.jhooq.Jhooqk8s.JhooqK8sApplicationTests]: class path resource [com/jhooq/Jhooqk8s/JhooqK8sApplicationTests-context.xml] does not exist
16:05:03.050 [Test worker] DEBUG org.springframework.test.context.support.AbstractContextLoader - Did not detect default resource location for test class [com.jhooq.Jhooqk8s.JhooqK8sApplicationTests]: class path resource [com/jhooq/Jhooqk8s/JhooqK8sApplicationTestsContext.groovy] does not exist
16:05:03.050 [Test worker] INFO org.springframework.test.context.support.AbstractContextLoader - Could not detect default resource locations for test class [com.jhooq.Jhooqk8s.JhooqK8sApplicationTests]: no resource found for suffixes {-context.xml, Context.groovy}.
16:05:03.052 [Test worker] INFO org.springframework.test.context.support.AnnotationConfigContextLoaderUtils - Could not detect default configuration classes for test class [com.jhooq.Jhooqk8s.JhooqK8sApplicationTests]: JhooqK8sApplicationTests does not declare any static, non-private, non-final, nested classes annotated with @Configuration.
16:05:03.167 [Test worker] DEBUG org.springframework.test.context.support.ActiveProfilesUtils - Could not find an 'annotation declaring class' for annotation type [org.springframework.test.context.ActiveProfiles] and class [com.jhooq.Jhooqk8s.JhooqK8sApplicationTests]
16:05:03.355 [Test worker] DEBUG org.springframework.context.annotation.ClassPathScanningCandidateComponentProvider - Identified candidate component class: file [C:\Users\sdesoju\Downloads\Jenkins-pipeline-kubernetesK8--Aws-Setup-main\build\classes\java\main\com\jhooq\Jhooqk8s\jhooqDockerDemo.class]
16:05:03.362 [Test worker] INFO org.springframework.boot.test.context.SpringBootTestContextBootstrapper - Found @SpringBootConfiguration com.jhooq.jhooqk8s.jhooqDockerDemo for test class com.jhooq.Jhooqk8s.JhooqK8sApplicationTests
16:05:03.662 [Test worker] DEBUG org.springframework.boot.test.context.SpringBootTestContextBootstrapper - @TestExecutionListeners is not present for class [com.jhooq.Jhooqk8s.JhooqK8sApplicationTests]: using defaults.
16:05:03.663 [Test worker] INFO org.springframework.boot.test.context.SpringBootTestContextBootstrapper - Loaded default TestExecutionListener class names from location [META-INF/spring.factories]: [org.springframework.boot.test.autoconfigure.restdocs.RestDocsTestExecutionListener, org.springframework.boot.test.autoconfigure.web.client.MockRestServiceServerResetTestExecutionListener, org.springframework.boot.test.autoconfigure.web.servlet.MockMvcPrintOnlyOnFailureTestExecutionListener, org.springframework.boot.test.autoconfigure.web.servlet.WebDriverTestExecutionListener, org.springframework.boot.test.mock.mockito.MockitoTestExecutionListener, org.springframework.boot.test.mock.mockito.ResetMocksTestExecutionListener, org.springframework.test.context.web.ServletTestExecutionListener, org.springframework.test.context.support.DirtiesContextBeforeModesTestExecutionListener, org.springframework.test.context.support.DependencyInjectionTestExecutionListener, org.springframework.test.context.support.DirtiesContextTestExecutionListener, org.springframework.test.context.transaction.TransactionalTestExecutionListener, org.springframework.test.context.jdbc.SqlScriptsTestExecutionListener, org.springframework.test.context.event.EventPublishingTestExecutionListener]
16:05:03.701 [Test worker] DEBUG org.springframework.boot.test.context.SpringBootTestContextBootstrapper - Skipping candidate TestExecutionListener [org.springframework.test.context.transaction.TransactionalTestExecutionListener] due to a missing dependency. Specify custom listener classes or make the default listener classes and their required dependencies available. Offending class: [org/springframework/transaction/interceptor/TransactionAttributeSource]
16:05:03.703 [Test worker] DEBUG org.springframework.boot.test.context.SpringBootTestContextBootstrapper - Skipping candidate TestExecutionListener [org.springframework.test.context.jdbc.SqlScriptsTestExecutionListener] due to a missing dependency. Specify custom listener classes or make the default listener classes and their required dependencies available. Offending class: [org/springframework/transaction/interceptor/TransactionAttribute]
16:05:03.704 [Test worker] INFO org.springframework.boot.test.context.SpringBootTestContextBootstrapper - Using TestExecutionListeners: [org.springframework.test.context.web.ServletTestExecutionListener@5a3bc7ed, org.springframework.test.context.support.DirtiesContextBeforeModesTestExecutionListener@181e731e, org.springframework.boot.test.mock.mockito.MockitoTestExecutionListener@35645047, org.springframework.boot.test.autoconfigure.SpringBootDependencyInjectionTestExecutionListener@6f44a157, org.springframework.test.context.support.DirtiesContextTestExecutionListener@6bc407fd, org.springframework.test.context.event.EventPublishingTestExecutionListener@291f18, org.springframework.boot.test.autoconfigure.restdocs.RestDocsTestExecutionListener@17d88132, org.springframework.boot.test.autoconfigure.web.client.MockRestServiceServerResetTestExecutionListener@5ddcc487, org.springframework.boot.test.autoconfigure.web.servlet.MockMvcPrintOnlyOnFailureTestExecutionListener@16eccb2e, org.springframework.boot.test.autoconfigure.web.servlet.WebDriverTestExecutionListener@5ef5c734, org.springframework.boot.test.mock.mockito.ResetMocksTestExecutionListener@d771cc9]
16:05:03.715 [Test worker] DEBUG org.springframework.test.context.support.AbstractDirtiesContextTestExecutionListener - Before test class: context [DefaultTestContext@1b75c2e3 testClass = JhooqK8sApplicationTests, testInstance = [null], testMethod = [null], testException = [null], mergedContextConfiguration = [WebMergedContextConfiguration@1984b1f testClass = JhooqK8sApplicationTests, locations = '{}', classes = '{class com.jhooq.jhooqk8s.jhooqDockerDemo}', contextInitializerClasses = '[]', activeProfiles = '{}', propertySourceLocations = '{}', propertySourceProperties = '{org.springframework.boot.test.context.SpringBootTestContextBootstrapper=true}', contextCustomizers = set[org.springframework.boot.test.autoconfigure.properties.PropertyMappingContextCustomizer@0, org.springframework.boot.test.autoconfigure.web.servlet.WebDriverContextCustomizerFactory$Customizer@5d0bf09b, org.springframework.boot.test.context.filter.ExcludeFilterContextCustomizer@3e27ba32, org.springframework.boot.test.json.DuplicateJsonObjectContextCustomizerFactory$DuplicateJsonObjectContextCustomizer@202b0582, org.springframework.boot.test.mock.mockito.MockitoContextCustomizer@0, org.springframework.boot.test.web.client.TestRestTemplateContextCustomizer@4c60d6e9, org.springframework.boot.test.context.SpringBootTestArgs@1], resourceBasePath = 'src/main/webapp', contextLoader = 'org.springframework.boot.test.context.SpringBootContextLoader', parent = [null]], attributes = map['org.springframework.test.context.web.ServletTestExecutionListener.activateListener' -> true]], class annotated with @DirtiesContext [false] with mode [null].
16:05:03.781 [Test worker] DEBUG org.springframework.test.context.support.TestPropertySourceUtils - Adding inlined properties to environment: {spring.jmx.enabled=false, org.springframework.boot.test.context.SpringBootTestContextBootstrapper=true, server.port=-1}

  .   ____          _            __ _ _
 /\\ / ___'_ __ _ _(_)_ __  __ _ \ \ \ \
( ( )\___ | '_ | '_| | '_ \/ _` | \ \ \ \
 \\/  ___)| |_)| | | | | || (_| |  ) ) ) )
  '  |____| .__|_| |_|_| |_\__, | / / / /
 =========|_|==============|___/=/_/_/_/
 :: Spring Boot ::        (v2.2.7.RELEASE)

2023-04-19 16:05:04.682  INFO 19008 --- [    Test worker] c.j.Jhooqk8s.JhooqK8sApplicationTests    : Starting JhooqK8sApplicationTests on IN-5CG0255ZFS with PID 19008 (started by sdesoju in C:\Users\sdesoju\Downloads\Jenkins-pipeline-kubernetesK8--Aws-Setup-main)
2023-04-19 16:05:04.687  INFO 19008 --- [    Test worker] c.j.Jhooqk8s.JhooqK8sApplicationTests    : No active profile set, falling back to default profiles: default
2023-04-19 16:05:07.685  INFO 19008 --- [    Test worker] o.s.s.concurrent.ThreadPoolTaskExecutor  : Initializing ExecutorService 'applicationTaskExecutor'
2023-04-19 16:05:08.316  INFO 19008 --- [    Test worker] c.j.Jhooqk8s.JhooqK8sApplicationTests    : Started JhooqK8sApplicationTests in 4.514 seconds (JVM running for 8.684)
]]></system-out>
  <system-err><![CDATA[]]></system-err>
</testsuite>
